SF:lib/core/domain/entities/map_source.dart
DA:18,2
DA:33,0
DA:34,0
DA:35,0
DA:36,0
DA:37,0
DA:41,0
DA:48,0
DA:49,0
DA:50,0
DA:51,0
DA:54,0
DA:55,0
DA:56,0
LF:14
LH:1
end_of_record
SF:lib/features/map_layers/presentation/bloc/map_bloc.dart
DA:13,1
DA:14,1
DA:15,2
DA:17,2
DA:19,2
DA:20,2
DA:21,1
DA:22,2
DA:30,3
DA:33,1
DA:34,1
DA:35,1
DA:37,2
DA:38,3
DA:41,1
DA:42,5
DA:45,1
DA:46,4
DA:49,1
DA:53,3
DA:55,3
DA:56,2
DA:57,3
DA:59,3
DA:63,1
DA:64,3
LF:26
LH:26
end_of_record
SF:lib/features/map_layers/presentation/bloc/map_events.dart
DA:10,1
DA:15,1
DA:20,1
LF:3
LH:3
end_of_record
SF:lib/features/map_layers/presentation/bloc/map_state.dart
DA:15,1
DA:26,1
DA:36,1
DA:37,1
DA:38,1
DA:39,1
DA:40,1
DA:41,1
DA:42,1
DA:43,1
LF:10
LH:10
end_of_record
SF:lib/core/data/remote/map_source_repository_impl.dart
DA:32,1
DA:33,1
DA:36,1
DA:37,1
DA:38,1
DA:39,4
DA:40,1
DA:44,1
DA:45,1
DA:46,1
DA:49,1
DA:51,5
DA:53,1
DA:56,1
DA:58,4
DA:59,1
DA:60,1
LF:17
LH:17
end_of_record
SF:lib/core/bloc/location_bloc.dart
DA:19,1
DA:25,1
DA:30,1
DA:31,1
DA:32,1
DA:33,1
DA:42,3
DA:43,2
DA:44,2
DA:47,1
DA:49,1
DA:50,1
DA:51,1
DA:52,1
DA:53,1
DA:54,1
DA:59,3
DA:61,1
DA:62,1
DA:67,0
DA:68,0
DA:69,0
DA:74,1
DA:76,1
DA:77,3
DA:80,1
DA:82,1
DA:83,1
LF:28
LH:25
end_of_record
